TN:
SF:src/add.js
FN:16,(anonymous_0)
FNF:1
FNH:1
FNDA:3,(anonymous_0)
DA:16,3
LF:1
LH:1
BRF:0
BRH:0
end_of_record
TN:
SF:src/capitalize.js
FN:17,(anonymous_0)
FNF:1
FNH:1
FNDA:3,(anonymous_0)
DA:17,3
LF:1
LH:1
BRF:0
BRH:0
end_of_record
TN:
SF:src/divide.js
FN:16,(anonymous_0)
FNF:1
FNH:1
FNDA:3,(anonymous_0)
DA:16,3
LF:1
LH:1
BRF:0
BRH:0
end_of_record
TN:
SF:src/isArguments.js
FN:19,isArguments
FNF:1
FNH:1
FNDA:2,isArguments
DA:20,2
LF:1
LH:1
BRDA:20,0,0,2
BRDA:20,0,1,2
BRF:2
BRH:2
end_of_record
TN:
SF:src/isArrayLike.js
FN:26,isArrayLike
FNF:1
FNH:1
FNDA:16,isArrayLike
DA:27,16
LF:1
LH:1
BRDA:27,0,0,16
BRDA:27,0,1,16
BRDA:27,0,2,16
BRF:3
BRH:3
end_of_record
TN:
SF:src/isBoolean.js
FN:19,isBoolean
FNF:1
FNH:1
FNDA:4,isBoolean
DA:20,4
LF:1
LH:1
BRDA:20,0,0,4
BRDA:20,0,1,3
BRDA:20,0,2,2
BRDA:20,0,3,0
BRF:4
BRH:3
end_of_record
TN:
SF:src/isBuffer.js
FN:33,(anonymous_0)
FNF:1
FNH:0
FNDA:0,(anonymous_0)
DA:4,1
DA:7,1
DA:10,1
DA:13,1
DA:16,1
DA:33,1
LF:6
LH:6
BRDA:4,0,0,1
BRDA:4,0,1,1
BRDA:4,0,2,1
BRDA:4,0,3,1
BRDA:7,1,0,1
BRDA:7,1,1,1
BRDA:7,1,2,1
BRDA:7,1,3,1
BRDA:7,1,4,1
BRDA:10,2,0,1
BRDA:10,2,1,1
BRDA:13,3,0,1
BRDA:13,3,1,0
BRDA:16,4,0,1
BRDA:16,4,1,0
BRDA:33,5,0,1
BRDA:33,5,1,0
BRF:17
BRH:14
end_of_record
TN:
SF:src/isEmpty.js
FN:45,isEmpty
FNF:1
FNH:1
FNDA:18,isEmpty
DA:9,1
DA:46,18
DA:47,2
DA:49,16
DA:52,8
DA:54,8
DA:55,8
DA:56,4
DA:58,4
DA:59,0
DA:61,4
DA:62,2
DA:63,2
DA:66,2
LF:14
LH:13
BRDA:46,0,0,2
BRDA:46,0,1,16
BRDA:49,1,0,8
BRDA:49,1,1,8
BRDA:49,2,0,16
BRDA:49,2,1,8
BRDA:49,2,2,6
BRDA:49,2,3,4
BRDA:49,2,4,4
BRDA:49,2,5,2
BRDA:49,2,6,2
BRDA:55,3,0,4
BRDA:55,3,1,4
BRDA:55,4,0,8
BRDA:55,4,1,6
BRDA:58,5,0,0
BRDA:58,5,1,4
BRDA:62,6,0,2
BRDA:62,6,1,0
BRF:19
BRH:17
end_of_record
TN:
SF:src/isLength.js
FN:28,isLength
FNF:1
FNH:1
FNDA:31,isLength
DA:2,1
DA:29,31
LF:2
LH:2
BRDA:29,0,0,31
BRDA:29,0,1,17
BRDA:29,0,2,15
BRDA:29,0,3,12
BRF:4
BRH:4
end_of_record
TN:
SF:src/isObject.js
FN:24,isObject
FNF:1
FNH:1
FNDA:5,isObject
DA:25,5
DA:26,5
LF:2
LH:2
BRDA:26,0,0,5
BRDA:26,0,1,5
BRDA:26,0,2,4
BRF:3
BRH:3
end_of_record
TN:
SF:src/isObjectLike.js
FN:23,isObjectLike
FNF:1
FNH:1
FNDA:4,isObjectLike
DA:24,4
LF:1
LH:1
BRDA:24,0,0,4
BRDA:24,0,1,3
BRF:2
BRH:2
end_of_record
TN:
SF:src/isSymbol.js
FN:18,isSymbol
FNF:1
FNH:1
FNDA:29,isSymbol
DA:19,29
DA:20,29
LF:2
LH:2
BRDA:20,0,0,29
BRDA:20,0,1,26
BRDA:20,0,2,8
BRDA:20,0,3,7
BRF:4
BRH:4
end_of_record
TN:
SF:src/isTypedArray.js
FN:27,(anonymous_0)
FN:28,(anonymous_1)
FNF:2
FNH:1
FNDA:2,(anonymous_0)
FNDA:0,(anonymous_1)
DA:6,1
DA:9,1
DA:26,1
DA:27,2
DA:28,0
LF:5
LH:4
BRDA:9,0,0,1
BRDA:9,0,1,1
BRDA:26,1,0,1
BRDA:26,1,1,0
BRDA:28,2,0,0
BRDA:28,2,1,0
BRF:6
BRH:3
end_of_record
TN:
SF:src/memoize.js
FN:43,memoize
FN:47,(anonymous_1)
FNF:2
FNH:2
FNDA:13,memoize
FNDA:13,(anonymous_1)
DA:44,13
DA:45,5
DA:47,8
DA:48,13
DA:49,13
DA:51,13
DA:52,4
DA:54,9
DA:55,9
DA:56,9
DA:58,8
DA:59,8
DA:62,1
LF:13
LH:13
BRDA:44,0,0,5
BRDA:44,0,1,8
BRDA:44,1,0,13
BRDA:44,1,1,10
BRDA:44,1,2,4
BRDA:48,2,0,4
BRDA:48,2,1,9
BRDA:51,3,0,4
BRDA:51,3,1,9
BRDA:55,4,0,9
BRDA:55,4,1,0
BRDA:58,5,0,8
BRDA:58,5,1,0
BRF:13
BRH:11
end_of_record
TN:
SF:src/slice.js
FN:21,slice
FNF:1
FNH:0
FNDA:0,slice
DA:22,0
DA:23,0
DA:24,0
DA:26,0
DA:27,0
DA:29,0
DA:30,0
DA:32,0
DA:33,0
DA:35,0
DA:36,0
DA:38,0
DA:39,0
DA:40,0
DA:41,0
DA:43,0
LF:16
LH:0
BRDA:22,0,0,0
BRDA:22,0,1,0
BRDA:23,1,0,0
BRDA:23,1,1,0
BRDA:26,2,0,0
BRDA:26,2,1,0
BRDA:27,3,0,0
BRDA:27,3,1,0
BRDA:29,4,0,0
BRDA:29,4,1,0
BRDA:30,5,0,0
BRDA:30,5,1,0
BRDA:32,6,0,0
BRDA:32,6,1,0
BRDA:35,7,0,0
BRDA:35,7,1,0
BRF:16
BRH:0
end_of_record
TN:
SF:src/toFinite.js
FN:28,toFinite
FNF:1
FNH:1
FNDA:14,toFinite
DA:4,1
DA:5,1
DA:29,14
DA:30,3
DA:32,11
DA:33,11
DA:34,2
DA:35,2
DA:37,9
LF:9
LH:9
BRDA:29,0,0,3
BRDA:29,0,1,11
BRDA:30,1,0,0
BRDA:30,1,1,3
BRDA:33,2,0,2
BRDA:33,2,1,9
BRDA:33,3,0,11
BRDA:33,3,1,10
BRDA:34,4,0,1
BRDA:34,4,1,1
BRDA:37,5,0,8
BRDA:37,5,1,1
BRF:12
BRH:11
end_of_record
TN:
SF:src/toInteger.js
FN:28,toInteger
FNF:1
FNH:1
FNDA:14,toInteger
DA:29,14
DA:30,14
DA:32,14
LF:3
LH:3
BRDA:32,0,0,7
BRDA:32,0,1,7
BRF:2
BRH:2
end_of_record
TN:
SF:src/toNumber.js
FN:44,toNumber
FNF:1
FNH:1
FNDA:11,toNumber
DA:5,1
DA:8,1
DA:11,1
DA:14,1
DA:17,1
DA:20,1
DA:45,11
DA:46,7
DA:48,4
DA:49,0
DA:51,4
DA:52,1
DA:53,1
DA:55,4
DA:56,1
DA:58,3
DA:59,3
DA:60,3
LF:18
LH:17
BRDA:45,0,0,7
BRDA:45,0,1,4
BRDA:48,1,0,0
BRDA:48,1,1,4
BRDA:51,2,0,1
BRDA:51,2,1,3
BRDA:52,3,0,1
BRDA:52,3,1,0
BRDA:53,4,0,0
BRDA:53,4,1,1
BRDA:55,5,0,1
BRDA:55,5,1,3
BRDA:56,6,0,0
BRDA:56,6,1,1
BRDA:60,7,0,0
BRDA:60,7,1,3
BRDA:60,8,0,3
BRDA:60,8,1,3
BRDA:61,9,0,0
BRDA:61,9,1,0
BRDA:62,10,0,0
BRDA:62,10,1,3
BRF:22
BRH:14
end_of_record
TN:
SF:src/toString.js
FN:25,toString
FN:33,(anonymous_1)
FNF:2
FNH:2
FNDA:15,toString
FNDA:5,(anonymous_1)
DA:4,1
DA:28,15
DA:29,3
DA:31,12
DA:33,5
DA:35,9
DA:36,1
DA:38,8
DA:39,8
LF:9
LH:9
BRDA:28,0,0,3
BRDA:28,0,1,12
BRDA:31,1,0,3
BRDA:31,1,1,9
BRDA:33,2,0,0
BRDA:33,2,1,5
BRDA:35,3,0,1
BRDA:35,3,1,8
BRDA:39,4,0,1
BRDA:39,4,1,7
BRDA:39,5,0,8
BRDA:39,5,1,1
BRF:12
BRH:11
end_of_record
TN:
SF:src/upperFirst.js
FNF:0
FNH:0
DA:19,1
LF:1
LH:1
BRF:0
BRH:0
end_of_record
TN:
SF:src/.internal/asciiToArray.js
FN:8,asciiToArray
FNF:1
FNH:0
FNDA:0,asciiToArray
DA:9,0
LF:1
LH:0
BRF:0
BRH:0
end_of_record
TN:
SF:src/.internal/baseToNumber.js
FN:14,baseToNumber
FNF:1
FNH:1
FNDA:12,baseToNumber
DA:4,1
DA:15,12
DA:16,12
DA:18,0
DA:19,0
DA:21,0
LF:6
LH:3
BRDA:15,0,0,12
BRDA:15,0,1,0
BRDA:18,1,0,0
BRDA:18,1,1,0
BRF:4
BRH:1
end_of_record
TN:
SF:src/.internal/baseToString.js
FN:17,baseToString
FNF:1
FNH:0
FNDA:0,baseToString
DA:4,1
DA:7,1
DA:19,0
DA:20,0
DA:22,0
DA:24,0
DA:26,0
DA:27,0
DA:29,0
DA:30,0
LF:10
LH:2
BRDA:19,0,0,0
BRDA:19,0,1,0
BRDA:22,1,0,0
BRDA:22,1,1,0
BRDA:26,2,0,0
BRDA:26,2,1,0
BRDA:27,3,0,0
BRDA:27,3,1,0
BRDA:30,4,0,0
BRDA:30,4,1,0
BRDA:30,5,0,0
BRDA:30,5,1,0
BRF:12
BRH:0
end_of_record
TN:
SF:src/.internal/castSlice.js
FN:12,castSlice
FNF:1
FNH:0
FNDA:0,castSlice
DA:13,0
DA:14,0
DA:15,0
LF:3
LH:0
BRDA:14,0,0,0
BRDA:14,0,1,0
BRDA:15,1,0,0
BRDA:15,1,1,0
BRDA:15,2,0,0
BRDA:15,2,1,0
BRF:6
BRH:0
end_of_record
TN:
SF:src/.internal/createCaseFirst.js
FN:12,createCaseFirst
FN:13,(anonymous_1)
FNF:2
FNH:2
FNDA:1,createCaseFirst
FNDA:3,(anonymous_1)
DA:13,1
DA:14,3
DA:15,1
DA:18,2
DA:22,2
DA:26,2
DA:30,2
LF:7
LH:7
BRDA:14,0,0,1
BRDA:14,0,1,2
BRDA:18,1,0,0
BRDA:18,1,1,2
BRDA:22,2,0,0
BRDA:22,2,1,2
BRDA:26,3,0,0
BRDA:26,3,1,2
BRF:8
BRH:5
end_of_record
TN:
SF:src/.internal/createMathOperation.js
FN:12,createMathOperation
FN:13,(anonymous_1)
FNF:2
FNH:2
FNDA:2,createMathOperation
FNDA:6,(anonymous_1)
DA:13,2
DA:14,6
DA:15,0
DA:17,6
DA:18,0
DA:20,6
DA:21,0
DA:23,6
DA:24,0
DA:25,0
DA:28,6
DA:29,6
DA:31,6
LF:13
LH:8
BRDA:14,0,0,0
BRDA:14,0,1,6
BRDA:14,1,0,6
BRDA:14,1,1,0
BRDA:17,2,0,0
BRDA:17,2,1,6
BRDA:17,3,0,6
BRDA:17,3,1,6
BRDA:20,4,0,0
BRDA:20,4,1,6
BRDA:20,5,0,6
BRDA:20,5,1,6
BRDA:23,6,0,0
BRDA:23,6,1,6
BRDA:23,7,0,6
BRDA:23,7,1,6
BRF:16
BRH:11
end_of_record
TN:
SF:src/.internal/freeGlobal.js
FNF:0
FNH:0
DA:2,1
LF:1
LH:1
BRDA:2,0,0,1
BRDA:2,0,1,1
BRDA:2,0,2,1
BRDA:2,0,3,1
BRF:4
BRH:4
end_of_record
TN:
SF:src/.internal/getTag.js
FN:10,getTag
FNF:1
FNH:1
FNDA:17,getTag
DA:1,1
DA:11,17
DA:12,0
DA:14,17
LF:4
LH:3
BRDA:11,0,0,0
BRDA:11,0,1,17
BRDA:12,1,0,0
BRDA:12,1,1,0
BRF:4
BRH:1
end_of_record
TN:
SF:src/.internal/hasUnicode.js
FN:24,hasUnicode
FNF:1
FNH:1
FNDA:2,hasUnicode
DA:2,1
DA:3,1
DA:4,1
DA:5,1
DA:6,1
DA:7,1
DA:8,1
DA:9,1
DA:12,1
DA:15,1
DA:25,2
LF:11
LH:11
BRF:0
BRH:0
end_of_record
TN:
SF:src/.internal/isPrototype.js
FN:11,isPrototype
FNF:1
FNH:1
FNDA:4,isPrototype
DA:2,1
DA:12,4
DA:13,4
DA:15,4
LF:4
LH:4
BRDA:12,0,0,4
BRDA:12,0,1,4
BRDA:13,1,0,4
BRDA:13,1,1,4
BRDA:13,1,2,0
BRF:5
BRH:4
end_of_record
TN:
SF:src/.internal/nodeTypes.js
FN:16,(anonymous_0)
FNF:1
FNH:1
FNDA:1,(anonymous_0)
DA:4,1
DA:7,1
DA:10,1
DA:13,1
DA:16,1
DA:17,1
DA:20,1
DA:21,1
LF:8
LH:8
BRDA:4,0,0,1
BRDA:4,0,1,1
BRDA:4,0,2,1
BRDA:4,0,3,1
BRDA:7,1,0,1
BRDA:7,1,1,1
BRDA:7,1,2,1
BRDA:7,1,3,1
BRDA:7,1,4,1
BRDA:10,2,0,1
BRDA:10,2,1,1
BRDA:13,3,0,1
BRDA:13,3,1,1
BRDA:20,4,0,1
BRDA:20,4,1,1
BRDA:20,4,2,1
BRDA:21,5,0,1
BRDA:21,5,1,0
BRDA:24,6,0,0
BRDA:24,6,1,0
BRDA:24,6,2,0
BRF:21
BRH:17
end_of_record
TN:
SF:src/.internal/root.js
FNF:0
FNH:0
DA:5,1
DA:8,1
DA:11,1
LF:3
LH:3
BRDA:5,0,0,1
BRDA:5,0,1,1
BRDA:5,0,2,1
BRDA:5,0,3,1
BRDA:8,1,0,1
BRDA:8,1,1,0
BRDA:8,1,2,0
BRDA:8,1,3,0
BRDA:11,2,0,1
BRDA:11,2,1,0
BRDA:11,2,2,0
BRDA:11,2,3,0
BRF:12
BRH:6
end_of_record
TN:
SF:src/.internal/stringToArray.js
FN:12,stringToArray
FNF:1
FNH:0
FNDA:0,stringToArray
DA:13,0
LF:1
LH:0
BRDA:13,0,0,0
BRDA:13,0,1,0
BRF:2
BRH:0
end_of_record
TN:
SF:src/.internal/unicodeToArray.js
FN:39,unicodeToArray
FNF:1
FNH:0
FNDA:0,unicodeToArray
DA:2,1
DA:3,1
DA:4,1
DA:5,1
DA:6,1
DA:7,1
DA:8,1
DA:9,1
DA:12,1
DA:13,1
DA:14,1
DA:15,1
DA:16,1
DA:17,1
DA:18,1
DA:19,1
DA:22,1
DA:23,1
DA:24,1
DA:25,1
DA:26,1
DA:27,1
DA:30,1
DA:40,0
LF:24
LH:23
BRDA:40,0,0,0
BRDA:40,0,1,0
BRF:2
BRH:0
end_of_record
